{
  requestId: '81f6b3da-f124-4c0c-89a5-583e0937d6a6',
  album: 'Great Southern Land',
  mbid: '',
  artist: 'Cassian',
  normalized: 'great southern land, cassian',
  statusCode: 404,
  name: 'IntegrationError',
  level: 'error',
  stack: 'IntegrationError: Failed to fetch albums tracks\n' +
    '    at IntegrationService.fetchUserAlbums (C:\\Users\\cpvet\\Documents\\Projetos\\albumguessnr\\albumguessnr_backend\\src\\modules\\integration\\IntegrationService.ts:77:29)\n' +
    '    at process.processTicksAndRejections (node:internal/process/task_queues:105:5)',
  message: 'Failed to fetch albums tracks',
  cause: undefined
}
{
  requestId: '81f6b3da-f124-4c0c-89a5-583e0937d6a6',
  album: 'Great Southern Land',
  mbid: '',
  artist: 'Cassian',
  normalized: 'great southern land, cassian',
  statusCode: 404,
  name: 'IntegrationError',
  level: 'error',
  stack: 'IntegrationError: Album not found on MusicBrainz (impact year and tags)\n' +
    '    at IntegrationService.fetchUserAlbums (C:\\Users\\cpvet\\Documents\\Projetos\\albumguessnr\\albumguessnr_backend\\src\\modules\\integration\\IntegrationService.ts:88:29)\n' +
    '    at process.processTicksAndRejections (node:internal/process/task_queues:105:5)',
  message: 'Album not found on MusicBrainz (impact year and tags)',
  cause: undefined
}
{
  requestId: '81f6b3da-f124-4c0c-89a5-583e0937d6a6',
  album: 'Never Fade Away',
  mbid: '',
  artist: 'Samurai',
  normalized: 'never fade away, samurai',
  statusCode: 404,
  name: 'IntegrationError',
  level: 'error',
  stack: 'IntegrationError: Failed to fetch albums tracks\n' +
    '    at IntegrationService.fetchUserAlbums (C:\\Users\\cpvet\\Documents\\Projetos\\albumguessnr\\albumguessnr_backend\\src\\modules\\integration\\IntegrationService.ts:77:29)\n' +
    '    at process.processTicksAndRejections (node:internal/process/task_queues:105:5)',
  message: 'Failed to fetch albums tracks',
  cause: undefined
}
{
  requestId: '81f6b3da-f124-4c0c-89a5-583e0937d6a6',
  album: 'Never Fade Away',
  mbid: '',
  artist: 'Samurai',
  normalized: 'never fade away, samurai',
  statusCode: 404,
  name: 'IntegrationError',
  level: 'error',
  stack: 'IntegrationError: Album not found on MusicBrainz (impact year and tags)\n' +
    '    at IntegrationService.fetchUserAlbums (C:\\Users\\cpvet\\Documents\\Projetos\\albumguessnr\\albumguessnr_backend\\src\\modules\\integration\\IntegrationService.ts:88:29)\n' +
    '    at process.processTicksAndRejections (node:internal/process/task_queues:105:5)',
  message: 'Album not found on MusicBrainz (impact year and tags)',
  cause: undefined
}
{
  requestId: '81f6b3da-f124-4c0c-89a5-583e0937d6a6',
  album: 'chase',
  mbid: '413dbc77-65ce-49a3-9aa7-9504836fcc7e',
  artist: 'Batta',
  normalized: 'chase, batta',
  statusCode: 404,
  name: 'IntegrationError',
  level: 'error',
  stack: 'IntegrationError: Album not found on MusicBrainz (impact year and tags)\n' +
    '    at IntegrationService.fetchUserAlbums (C:\\Users\\cpvet\\Documents\\Projetos\\albumguessnr\\albumguessnr_backend\\src\\modules\\integration\\IntegrationService.ts:88:29)\n' +
    '    at process.processTicksAndRejections (node:internal/process/task_queues:105:5)',
  message: 'Album not found on MusicBrainz (impact year and tags)',
  cause: undefined
}
{
  requestId: '81f6b3da-f124-4c0c-89a5-583e0937d6a6',
  album: 'This Fffire',
  mbid: '9f79f252-9f3b-4ea8-9caf-0b2b70179f79',
  artist: 'Franz Ferdinand',
  normalized: 'this fffire, franz ferdinand',
  statusCode: 404,
  name: 'IntegrationError',
  level: 'error',
  stack: 'IntegrationError: Album not found on MusicBrainz (impact year and tags)\n' +
    '    at IntegrationService.fetchUserAlbums (C:\\Users\\cpvet\\Documents\\Projetos\\albumguessnr\\albumguessnr_backend\\src\\modules\\integration\\IntegrationService.ts:88:29)\n' +
    '    at process.processTicksAndRejections (node:internal/process/task_queues:105:5)',
  message: 'Album not found on MusicBrainz (impact year and tags)',
  cause: undefined
}
{
  requestId: '81f6b3da-f124-4c0c-89a5-583e0937d6a6',
  album: 'A Beautiful Lie',
  mbid: '0d646cc9-d0d7-4b41-bff0-c60bceba08e6',
  artist: '30 Seconds to Mars',
  normalized: 'a beautiful lie, 30 seconds to mars',
  statusCode: 404,
  name: 'IntegrationError',
  level: 'error',
  stack: 'IntegrationError: Album not found on MusicBrainz (impact year and tags)\n' +
    '    at IntegrationService.fetchUserAlbums (C:\\Users\\cpvet\\Documents\\Projetos\\albumguessnr\\albumguessnr_backend\\src\\modules\\integration\\IntegrationService.ts:88:29)\n' +
    '    at process.processTicksAndRejections (node:internal/process/task_queues:105:5)',
  message: 'Album not found on MusicBrainz (impact year and tags)',
  cause: undefined
}
